2013-06-12 22:00:39,315 [http-bio-8080-exec-6] ERROR StackTrace  - Full Stack Trace:
java.lang.IllegalAccessException: Class org.codehaus.groovy.grails.web.converters.marshaller.json.GenericJavaBeanMarshaller can not access a member of class org.springframework.context.annotation.ConfigurationClassPostProcessor$ImportAwareBeanPostProcessor with modifiers "public"
	at sun.reflect.Reflection.ensureMemberAccess(Reflection.java:95)
	at org.springsource.loaded.jvm.JVM.ensureMemberAccess(JVM.java:103)
	at org.springsource.loaded.ri.ReflectiveInterceptor.asAccessibleMethod(ReflectiveInterceptor.java:523)
	at org.springsource.loaded.ri.ReflectiveInterceptor.jlrMethodInvoke(ReflectiveInterceptor.java:1248)
	at org.codehaus.groovy.grails.web.converters.marshaller.json.GenericJavaBeanMarshaller.marshalObject(GenericJavaBeanMarshaller.java:48)
	at org.codehaus.groovy.grails.web.converters.marshaller.json.GenericJavaBeanMarshaller.marshalObject(GenericJavaBeanMarshaller.java:34)
	at grails.converters.JSON.value(JSON.java:199)
	at grails.converters.JSON.convertAnother(JSON.java:162)
	at org.codehaus.groovy.grails.web.converters.marshaller.json.CollectionMarshaller.marshalObject(CollectionMarshaller.java:41)
	at org.codehaus.groovy.grails.web.converters.marshaller.json.CollectionMarshaller.marshalObject(CollectionMarshaller.java:30)
	at grails.converters.JSON.value(JSON.java:199)
	at grails.converters.JSON.convertAnother(JSON.java:162)
	at org.codehaus.groovy.grails.web.converters.marshaller.json.GenericJavaBeanMarshaller.marshalObject(GenericJavaBeanMarshaller.java:50)
	at org.codehaus.groovy.grails.web.converters.marshaller.json.GenericJavaBeanMarshaller.marshalObject(GenericJavaBeanMarshaller.java:34)
	at grails.converters.JSON.value(JSON.java:199)
	at grails.converters.JSON.convertAnother(JSON.java:162)
	at org.codehaus.groovy.grails.web.converters.marshaller.json.GroovyBeanMarshaller.marshalObject(GroovyBeanMarshaller.java:51)
	at org.codehaus.groovy.grails.web.converters.marshaller.json.GroovyBeanMarshaller.marshalObject(GroovyBeanMarshaller.java:35)
	at grails.converters.JSON.value(JSON.java:199)
	at grails.converters.JSON.convertAnother(JSON.java:162)
	at org.codehaus.groovy.grails.web.converters.marshaller.json.GroovyBeanMarshaller.marshalObject(GroovyBeanMarshaller.java:51)
	at org.codehaus.groovy.grails.web.converters.marshaller.json.GroovyBeanMarshaller.marshalObject(GroovyBeanMarshaller.java:35)
	at grails.converters.JSON.value(JSON.java:199)
	at grails.converters.JSON.convertAnother(JSON.java:162)
	at org.codehaus.groovy.grails.web.converters.marshaller.json.CollectionMarshaller.marshalObject(CollectionMarshaller.java:41)
	at org.codehaus.groovy.grails.web.converters.marshaller.json.CollectionMarshaller.marshalObject(CollectionMarshaller.java:30)
	at grails.converters.JSON.value(JSON.java:199)
	at grails.converters.JSON.render(JSON.java:134)
	at org.codehaus.groovy.grails.web.converters.AbstractConverter.toString(AbstractConverter.java:36)
	at org.codehaus.groovy.grails.web.metaclass.RenderDynamicMethod.invoke(RenderDynamicMethod.java:183)
	at org.codehaus.groovy.grails.plugins.web.api.ControllersApi.invokeRender(ControllersApi.java:258)
	at org.codehaus.groovy.grails.plugins.web.api.ControllersApi.render(ControllersApi.java:246)
	at com.example.HelloController$$EO8cELj3.render(HelloController.groovy)
	at com.example.HelloController$$DO8cELj3.render(Unknown Source)
	at com.example.HelloController.render(HelloController.groovy)
	at com.example.HelloController$render.callCurrent(Unknown Source)
	at org.codehaus.groovy.runtime.callsite.CallSiteArray.defaultCallCurrent(CallSiteArray.java:49)
	at org.codehaus.groovy.runtime.callsite.AbstractCallSite.callCurrent(AbstractCallSite.java:133)
	at org.codehaus.groovy.runtime.callsite.AbstractCallSite.callCurrent(AbstractCallSite.java:141)
	at com.example.HelloController$$EO8cELj3.index(HelloController.groovy:13)
	at sun.reflect.NativeMethodAccessorImpl.invoke0(Native Method)
	at sun.reflect.NativeMethodAccessorImpl.invoke(NativeMethodAccessorImpl.java:57)
	at sun.reflect.DelegatingMethodAccessorImpl.invoke(DelegatingMethodAccessorImpl.java:43)
	at java.lang.reflect.Method.invoke(Method.java:601)
	at org.springsource.loaded.ri.ReloadedTypeInvoker$2.invoke(ReloadedTypeInvoker.java:122)
	at org.springsource.loaded.ri.ReflectiveInterceptor.jlrMethodInvoke(ReflectiveInterceptor.java:1272)
	at org.codehaus.groovy.grails.web.servlet.mvc.MixedGrailsControllerHelper.invoke(MixedGrailsControllerHelper.java:69)
	at org.codehaus.groovy.grails.web.servlet.mvc.AbstractGrailsControllerHelper.handleAction(AbstractGrailsControllerHelper.java:334)
	at org.codehaus.groovy.grails.web.servlet.mvc.AbstractGrailsControllerHelper.executeAction(AbstractGrailsControllerHelper.java:217)
	at org.codehaus.groovy.grails.web.servlet.mvc.AbstractGrailsControllerHelper.handleURI(AbstractGrailsControllerHelper.java:183)
	at org.codehaus.groovy.grails.web.servlet.mvc.AbstractGrailsControllerHelper.handleURI(AbstractGrailsControllerHelper.java:116)
	at org.codehaus.groovy.grails.web.servlet.mvc.SimpleGrailsController.handleRequest(SimpleGrailsController.java:72)
	at org.springframework.web.servlet.mvc.SimpleControllerHandlerAdapter.handle(SimpleControllerHandlerAdapter.java:48)
	at org.codehaus.groovy.grails.web.servlet.GrailsDispatcherServlet.doDispatch(GrailsDispatcherServlet.java:328)
	at org.springframework.web.servlet.DispatcherServlet.doService(DispatcherServlet.java:852)
	at org.springframework.web.servlet.FrameworkServlet.processRequest(FrameworkServlet.java:882)
	at org.springframework.web.servlet.FrameworkServlet.doGet(FrameworkServlet.java:778)
	at javax.servlet.http.HttpServlet.service(HttpServlet.java:621)
	at javax.servlet.http.HttpServlet.service(HttpServlet.java:722)
	at org.apache.catalina.core.ApplicationFilterChain.internalDoFilter(ApplicationFilterChain.java:305)
	at org.apache.catalina.core.ApplicationFilterChain.doFilter(ApplicationFilterChain.java:210)
	at grails.plugin.cache.web.filter.PageFragmentCachingFilter.doFilter(PageFragmentCachingFilter.java:195)
	at grails.plugin.cache.web.filter.AbstractFilter.doFilter(AbstractFilter.java:63)
	at org.springframework.web.filter.DelegatingFilterProxy.invokeDelegate(DelegatingFilterProxy.java:346)
	at org.springframework.web.filter.DelegatingFilterProxy.doFilter(DelegatingFilterProxy.java:259)
	at org.apache.catalina.core.ApplicationFilterChain.internalDoFilter(ApplicationFilterChain.java:243)
	at org.apache.catalina.core.ApplicationFilterChain.doFilter(ApplicationFilterChain.java:210)
	at org.springframework.web.filter.OncePerRequestFilter.doFilter(OncePerRequestFilter.java:70)
	at org.apache.catalina.core.ApplicationFilterChain.internalDoFilter(ApplicationFilterChain.java:243)
	at org.apache.catalina.core.ApplicationFilterChain.doFilter(ApplicationFilterChain.java:210)
	at org.springframework.web.filter.OncePerRequestFilter.doFilter(OncePerRequestFilter.java:70)
	at org.apache.catalina.core.ApplicationFilterChain.internalDoFilter(ApplicationFilterChain.java:243)
	at org.apache.catalina.core.ApplicationFilterChain.doFilter(ApplicationFilterChain.java:210)
	at org.springframework.web.filter.OncePerRequestFilter.doFilter(OncePerRequestFilter.java:70)
	at org.apache.catalina.core.ApplicationFilterChain.internalDoFilter(ApplicationFilterChain.java:243)
	at org.apache.catalina.core.ApplicationFilterChain.doFilter(ApplicationFilterChain.java:210)
	at org.apache.catalina.core.ApplicationDispatcher.invoke(ApplicationDispatcher.java:749)
	at org.apache.catalina.core.ApplicationDispatcher.processRequest(ApplicationDispatcher.java:487)
	at org.apache.catalina.core.ApplicationDispatcher.doForward(ApplicationDispatcher.java:412)
	at org.apache.catalina.core.ApplicationDispatcher.forward(ApplicationDispatcher.java:339)
	at org.codehaus.groovy.grails.web.util.WebUtils.forwardRequestForUrlMappingInfo(WebUtils.java:314)
	at org.codehaus.groovy.grails.web.util.WebUtils.forwardRequestForUrlMappingInfo(WebUtils.java:279)
	at org.codehaus.groovy.grails.web.util.WebUtils.forwardRequestForUrlMappingInfo(WebUtils.java:270)
	at org.codehaus.groovy.grails.web.mapping.filter.UrlMappingsFilter.doFilterInternal(UrlMappingsFilter.java:221)
	at org.springframework.web.filter.OncePerRequestFilter.doFilter(OncePerRequestFilter.java:76)
	at org.apache.catalina.core.ApplicationFilterChain.internalDoFilter(ApplicationFilterChain.java:243)
	at org.apache.catalina.core.ApplicationFilterChain.doFilter(ApplicationFilterChain.java:210)
	at org.codehaus.groovy.grails.web.sitemesh.GrailsPageFilter.obtainContent(GrailsPageFilter.java:200)
	at org.codehaus.groovy.grails.web.sitemesh.GrailsPageFilter.doFilter(GrailsPageFilter.java:151)
	at org.apache.catalina.core.ApplicationFilterChain.internalDoFilter(ApplicationFilterChain.java:243)
	at org.apache.catalina.core.ApplicationFilterChain.doFilter(ApplicationFilterChain.java:210)
	at javax.servlet.FilterChain$doFilter.call(Unknown Source)
	at org.grails.plugin.resource.DevModeSanityFilter.doFilter(DevModeSanityFilter.groovy:44)
	at org.apache.catalina.core.ApplicationFilterChain.internalDoFilter(ApplicationFilterChain.java:243)
	at org.apache.catalina.core.ApplicationFilterChain.doFilter(ApplicationFilterChain.java:210)
	at org.codehaus.groovy.grails.web.servlet.mvc.GrailsWebRequestFilter.doFilterInternal(GrailsWebRequestFilter.java:69)
	at org.springframework.web.filter.OncePerRequestFilter.doFilter(OncePerRequestFilter.java:76)
	at org.apache.catalina.core.ApplicationFilterChain.internalDoFilter(ApplicationFilterChain.java:243)
	at org.apache.catalina.core.ApplicationFilterChain.doFilter(ApplicationFilterChain.java:210)
	at org.codehaus.groovy.grails.web.filters.HiddenHttpMethodFilter.doFilterInternal(HiddenHttpMethodFilter.java:66)
	at org.springframework.web.filter.OncePerRequestFilter.doFilter(OncePerRequestFilter.java:76)
	at org.apache.catalina.core.ApplicationFilterChain.internalDoFilter(ApplicationFilterChain.java:243)
	at org.apache.catalina.core.ApplicationFilterChain.doFilter(ApplicationFilterChain.java:210)
	at org.springframework.web.filter.CharacterEncodingFilter.doFilterInternal(CharacterEncodingFilter.java:88)
	at org.springframework.web.filter.OncePerRequestFilter.doFilter(OncePerRequestFilter.java:76)
	at org.springframework.web.filter.DelegatingFilterProxy.invokeDelegate(DelegatingFilterProxy.java:346)
	at org.springframework.web.filter.DelegatingFilterProxy.doFilter(DelegatingFilterProxy.java:259)
	at org.apache.catalina.core.ApplicationFilterChain.internalDoFilter(ApplicationFilterChain.java:243)
	at org.apache.catalina.core.ApplicationFilterChain.doFilter(ApplicationFilterChain.java:210)
	at org.apache.catalina.core.StandardWrapperValve.invoke(StandardWrapperValve.java:222)
	at org.apache.catalina.core.StandardContextValve.invoke(StandardContextValve.java:123)
	at org.apache.catalina.core.StandardHostValve.invoke(StandardHostValve.java:168)
	at org.apache.catalina.valves.ErrorReportValve.invoke(ErrorReportValve.java:99)
	at org.apache.catalina.core.StandardEngineValve.invoke(StandardEngineValve.java:118)
	at org.apache.catalina.connector.CoyoteAdapter.service(CoyoteAdapter.java:407)
	at org.apache.coyote.http11.AbstractHttp11Processor.process(AbstractHttp11Processor.java:1002)
	at org.apache.coyote.AbstractProtocol$AbstractConnectionHandler.process(AbstractProtocol.java:585)
	at org.apache.tomcat.util.net.JIoEndpoint$SocketProcessor.run(JIoEndpoint.java:310)
	at java.util.concurrent.ThreadPoolExecutor.runWorker(ThreadPoolExecutor.java:1145)
	at java.util.concurrent.ThreadPoolExecutor$Worker.run(ThreadPoolExecutor.java:615)
	at java.lang.Thread.run(Thread.java:722)
2013-06-12 22:00:39,318 [http-bio-8080-exec-6] ERROR StackTrace  - Full Stack Trace:
java.lang.IllegalAccessException: Class org.codehaus.groovy.grails.web.converters.marshaller.json.GenericJavaBeanMarshaller can not access a member of class org.springframework.context.annotation.ConfigurationClassPostProcessor$ImportAwareBeanPostProcessor with modifiers "public"
	at grails.converters.JSON.value(JSON.java:199)
	at grails.converters.JSON.convertAnother(JSON.java:162)
	at grails.converters.JSON.value(JSON.java:199)
	at grails.converters.JSON.convertAnother(JSON.java:162)
	at grails.converters.JSON.value(JSON.java:199)
	at grails.converters.JSON.convertAnother(JSON.java:162)
	at grails.converters.JSON.value(JSON.java:199)
	at grails.converters.JSON.convertAnother(JSON.java:162)
	at grails.converters.JSON.value(JSON.java:199)
	at grails.converters.JSON.convertAnother(JSON.java:162)
	at grails.converters.JSON.value(JSON.java:199)
	at grails.converters.JSON.render(JSON.java:134)
	at com.example.HelloController$$EO8cELj3.index(HelloController.groovy:13)
	at grails.plugin.cache.web.filter.PageFragmentCachingFilter.doFilter(PageFragmentCachingFilter.java:195)
	at grails.plugin.cache.web.filter.AbstractFilter.doFilter(AbstractFilter.java:63)
	at java.util.concurrent.ThreadPoolExecutor.runWorker(ThreadPoolExecutor.java:1145)
	at java.util.concurrent.ThreadPoolExecutor$Worker.run(ThreadPoolExecutor.java:615)
	at java.lang.Thread.run(Thread.java:722)
2013-06-12 22:00:39,326 [http-bio-8080-exec-6] ERROR StackTrace  - Full Stack Trace:
java.lang.IllegalAccessException: Class org.codehaus.groovy.grails.web.converters.marshaller.json.GenericJavaBeanMarshaller can not access a member of class org.springframework.context.annotation.ConfigurationClassPostProcessor$ImportAwareBeanPostProcessor with modifiers "public"
	at grails.converters.JSON.value(JSON.java:199)
	at grails.converters.JSON.convertAnother(JSON.java:162)
	at grails.converters.JSON.value(JSON.java:199)
	at grails.converters.JSON.convertAnother(JSON.java:162)
	at grails.converters.JSON.value(JSON.java:199)
	at grails.converters.JSON.convertAnother(JSON.java:162)
	at grails.converters.JSON.value(JSON.java:199)
	at grails.converters.JSON.convertAnother(JSON.java:162)
	at grails.converters.JSON.value(JSON.java:199)
	at grails.converters.JSON.convertAnother(JSON.java:162)
	at grails.converters.JSON.value(JSON.java:199)
	at grails.converters.JSON.render(JSON.java:134)
	at com.example.HelloController$$EO8cELj3.index(HelloController.groovy:13)
	at grails.plugin.cache.web.filter.PageFragmentCachingFilter.doFilter(PageFragmentCachingFilter.java:195)
	at grails.plugin.cache.web.filter.AbstractFilter.doFilter(AbstractFilter.java:63)
	at java.util.concurrent.ThreadPoolExecutor.runWorker(ThreadPoolExecutor.java:1145)
	at java.util.concurrent.ThreadPoolExecutor$Worker.run(ThreadPoolExecutor.java:615)
	at java.lang.Thread.run(Thread.java:722)
2013-06-12 22:00:39,326 [http-bio-8080-exec-6] ERROR StackTrace  - Full Stack Trace:
java.lang.IllegalAccessException: Class org.codehaus.groovy.grails.web.converters.marshaller.json.GenericJavaBeanMarshaller can not access a member of class org.springframework.context.annotation.ConfigurationClassPostProcessor$ImportAwareBeanPostProcessor with modifiers "public"
	at grails.converters.JSON.value(JSON.java:199)
	at grails.converters.JSON.convertAnother(JSON.java:162)
	at grails.converters.JSON.value(JSON.java:199)
	at grails.converters.JSON.convertAnother(JSON.java:162)
	at grails.converters.JSON.value(JSON.java:199)
	at grails.converters.JSON.convertAnother(JSON.java:162)
	at grails.converters.JSON.value(JSON.java:199)
	at grails.converters.JSON.convertAnother(JSON.java:162)
	at grails.converters.JSON.value(JSON.java:199)
	at grails.converters.JSON.convertAnother(JSON.java:162)
	at grails.converters.JSON.value(JSON.java:199)
	at grails.converters.JSON.render(JSON.java:134)
	at com.example.HelloController$$EO8cELj3.index(HelloController.groovy:13)
	at grails.plugin.cache.web.filter.PageFragmentCachingFilter.doFilter(PageFragmentCachingFilter.java:195)
	at grails.plugin.cache.web.filter.AbstractFilter.doFilter(AbstractFilter.java:63)
	at java.util.concurrent.ThreadPoolExecutor.runWorker(ThreadPoolExecutor.java:1145)
	at java.util.concurrent.ThreadPoolExecutor$Worker.run(ThreadPoolExecutor.java:615)
	at java.lang.Thread.run(Thread.java:722)
2013-06-12 22:00:39,326 [http-bio-8080-exec-6] ERROR StackTrace  - Full Stack Trace:
java.lang.IllegalAccessException: Class org.codehaus.groovy.grails.web.converters.marshaller.json.GenericJavaBeanMarshaller can not access a member of class org.springframework.context.annotation.ConfigurationClassPostProcessor$ImportAwareBeanPostProcessor with modifiers "public"
	at grails.converters.JSON.value(JSON.java:199)
	at grails.converters.JSON.convertAnother(JSON.java:162)
	at grails.converters.JSON.value(JSON.java:199)
	at grails.converters.JSON.convertAnother(JSON.java:162)
	at grails.converters.JSON.value(JSON.java:199)
	at grails.converters.JSON.convertAnother(JSON.java:162)
	at grails.converters.JSON.value(JSON.java:199)
	at grails.converters.JSON.convertAnother(JSON.java:162)
	at grails.converters.JSON.value(JSON.java:199)
	at grails.converters.JSON.convertAnother(JSON.java:162)
	at grails.converters.JSON.value(JSON.java:199)
	at grails.converters.JSON.render(JSON.java:134)
	at com.example.HelloController$$EO8cELj3.index(HelloController.groovy:13)
	at grails.plugin.cache.web.filter.PageFragmentCachingFilter.doFilter(PageFragmentCachingFilter.java:195)
	at grails.plugin.cache.web.filter.AbstractFilter.doFilter(AbstractFilter.java:63)
	at java.util.concurrent.ThreadPoolExecutor.runWorker(ThreadPoolExecutor.java:1145)
	at java.util.concurrent.ThreadPoolExecutor$Worker.run(ThreadPoolExecutor.java:615)
	at java.lang.Thread.run(Thread.java:722)
2013-06-12 22:00:39,327 [http-bio-8080-exec-6] ERROR StackTrace  - Full Stack Trace:
java.lang.IllegalAccessException: Class org.codehaus.groovy.grails.web.converters.marshaller.json.GenericJavaBeanMarshaller can not access a member of class org.springframework.context.annotation.ConfigurationClassPostProcessor$ImportAwareBeanPostProcessor with modifiers "public"
	at grails.converters.JSON.value(JSON.java:199)
	at grails.converters.JSON.convertAnother(JSON.java:162)
	at grails.converters.JSON.value(JSON.java:199)
	at grails.converters.JSON.convertAnother(JSON.java:162)
	at grails.converters.JSON.value(JSON.java:199)
	at grails.converters.JSON.convertAnother(JSON.java:162)
	at grails.converters.JSON.value(JSON.java:199)
	at grails.converters.JSON.convertAnother(JSON.java:162)
	at grails.converters.JSON.value(JSON.java:199)
	at grails.converters.JSON.convertAnother(JSON.java:162)
	at grails.converters.JSON.value(JSON.java:199)
	at grails.converters.JSON.render(JSON.java:134)
	at com.example.HelloController$$EO8cELj3.index(HelloController.groovy:13)
	at grails.plugin.cache.web.filter.PageFragmentCachingFilter.doFilter(PageFragmentCachingFilter.java:195)
	at grails.plugin.cache.web.filter.AbstractFilter.doFilter(AbstractFilter.java:63)
	at java.util.concurrent.ThreadPoolExecutor.runWorker(ThreadPoolExecutor.java:1145)
	at java.util.concurrent.ThreadPoolExecutor$Worker.run(ThreadPoolExecutor.java:615)
	at java.lang.Thread.run(Thread.java:722)
